Add Net: Net with name "NetC?_2" already exists
Add Net: Net with name "NetC?_2" already exists
Add Net: Net with name "NetR?_1" already exists
Add Net: Net with name "NetR?_1" already exists
Add Net: Net with name "NetR?_1" already exists
Add Net: Net with name "NetR?_1" already exists
Add Net: Net with name "NetR?_1" already exists
Add Net: Net with name "NetR?_1" already exists
Add Net: Net with name "NetR?_2" already exists
Added Member To Class: ClassName=ActiTouch_Receiver_Sheet1 Member=Component C? EMK107B7104KAHT
Added Member To Class: ClassName=ActiTouch_Receiver_Sheet1 Member=Component C? EMK107B7104KAHT
Added Member To Class: ClassName=ActiTouch_Receiver_Sheet1 Member=Component R? RNCP0603FTD200R
Added Member To Class: ClassName=ActiTouch_Receiver_Sheet1 Member=Component R? RNCP0603FTD1K00
Added Member To Class: ClassName=ActiTouch_Receiver_Sheet1 Member=Component R? RNCP0603FTD200R
Added Member To Class: ClassName=ActiTouch_Receiver_Sheet1 Member=Component R? AC0603FR-07330RL
Added Member To Class: ClassName=ActiTouch_Receiver_Sheet1 Member=Component R? RNCP0603FTD10K0
Added Member To Class: ClassName=ActiTouch_Receiver_Sheet1 Member=Component R? RNCP0603FTD1K00
Added Member To Class: ClassName=ActiTouch_Receiver_Sheet1 Member=Component R? RNCP0603FTD1K00
Added Member To Class: ClassName=ActiTouch_Receiver_Sheet1 Member=Component R? AC0603FR-07402RL
Added Member To Class: ClassName=ActiTouch_Receiver_Sheet1 Member=Component R? RNCP0603FTD1K00
Added Member To Class: ClassName=ActiTouch_Receiver_Sheet1 Member=Component R? RNCP0603FTD1K00
Added Member To Class: ClassName=ActiTouch_Receiver_Sheet1 Member=Component R? RNCP0603FTD1K00
Added Member To Class: ClassName=ActiTouch_Receiver_Sheet1 Member=Component R? RNCP0603FTD10K0
Added Member To Class: ClassName=ActiTouch_Receiver_Sheet1 Member=Component U? LTC6253ITS8#TRMPBF
Added Member To Class: ClassName=ActiTouch_Receiver_Sheet1 Member=Component U? LTC6253ITS8#TRMPBF
Added Member To Class: ClassName=ActiTouch_Receiver_Sheet1 Member=Component U? LTC6253ITS8#TRMPBF
Added Member To Class: ClassName=ActiTouch_Transmitter_Sheet1 Member=Component U? LTC6253ITS8#TRMPBF
