Change Component Designator: OldDesignator=C? NewDesignator=C1
Change Component Designator: OldDesignator=C? NewDesignator=C2
Change Component Designator: OldDesignator=C? NewDesignator=C3
Change Component Designator: OldDesignator=R? NewDesignator=R1
Change Component Designator: OldDesignator=R? NewDesignator=R2
Change Component Designator: OldDesignator=R? NewDesignator=R3
Change Component Designator: OldDesignator=R? NewDesignator=R4
Change Component Designator: OldDesignator=R? NewDesignator=R5
Change Component Designator: OldDesignator=R? NewDesignator=R6
Change Component Designator: OldDesignator=R? NewDesignator=R7
Change Component Designator: OldDesignator=R? NewDesignator=R8
Added Pin To Net: NetName=1V65 Pin=R4-1
Change Net Name : Old Net Name=NetC?_1 New Net Name=NetC3_1
Change Net Name : Old Net Name=NetC?_2 New Net Name=NetC2_2
Change Net Name : Old Net Name=NetR?_1 New Net Name=NetR3_2
Change Net Name : Old Net Name=NetR?_2 New Net Name=NetR4_2
Added Pin To Net: NetName=NetC1_1 Pin=C1-1
Added Pin To Net: NetName=NetC1_1 Pin=R1-2
Added Net: Name=NetC1_1
Added Pin To Net: NetName=NetC2_1 Pin=C2-1
Added Pin To Net: NetName=NetC2_1 Pin=R2-2
Added Pin To Net: NetName=NetC2_1 Pin=U?-3
Added Net: Name=NetC2_1
Added Pin To Net: NetName=NetR1_1 Pin=R1-1
Added Pin To Net: NetName=NetR1_1 Pin=U?-1
Added Pin To Net: NetName=NetR1_1 Pin=U?-2
Added Net: Name=NetR1_1
Added Pin To Net: NetName=NetR5_2 Pin=R5-2
Added Pin To Net: NetName=NetR5_2 Pin=R6-1
Added Pin To Net: NetName=NetR5_2 Pin=U?-7
Added Net: Name=NetR5_2
Added Member To Class: ClassName=ActiTouch_Transmitter_Sheet1 Member=Component C1 EMK107B7104KAHT
Added Member To Class: ClassName=ActiTouch_Transmitter_Sheet1 Member=Component C3 EMK107B7104KAHT
Added Member To Class: ClassName=ActiTouch_Transmitter_Sheet1 Member=Component R1 RNCP0603FTD10R0
Added Member To Class: ClassName=ActiTouch_Transmitter_Sheet1 Member=Component R2 RNCP0603FTD10R0
Added Member To Class: ClassName=ActiTouch_Transmitter_Sheet1 Member=Component R3 RNCP0603FTD10K0
Added Member To Class: ClassName=ActiTouch_Transmitter_Sheet1 Member=Component R5 RNCP0603FTD10K0
Added Member To Class: ClassName=ActiTouch_Transmitter_Sheet1 Member=Component R6 RNCP0603FTD10R0
Added Member To Class: ClassName=ActiTouch_Transmitter_Sheet1 Member=Component R7 RNCP0603FTD12K4
Added Member To Class: ClassName=ActiTouch_Transmitter_Sheet1 Member=Component R8 RNCP0603FTD10K0
Added Member To Class: ClassName=ActiTouch_Transmitter_Sheet1 Member=Component U? LTC6253ITS8#TRMPBF
