Change Component Comment : Designator=C01 Old Comment=0603ZD105KAT2A New Comment=1uF
Change Component Comment : Designator=R01 Old Comment=RNCP0603FTD10K0 New Comment=10K
Change Component Designator: OldDesignator=SW1 NewDesignator=SW01
Add Component: Footprint Not Found 
Added Pin To Net: NetName=Vcc Pin=J2-1
Add Pin To Net: Unknown Pin: Pin U-1
Add Pin To Net: Unknown Pin: Pin U-2
Add Pin To Net: Unknown Pin: Pin U-3
Add Pin To Net: Unknown Pin: Pin U-4
Add Pin To Net: Unknown Pin: Pin U-5
Add Pin To Net: Unknown Pin: Pin U-6
Add Pin To Net: Unknown Pin: Pin U-7
Add Pin To Net: Unknown Pin: Pin U-8
Add Pin To Net: Unknown Pin: Pin U-9
Add Pin To Net: Unknown Pin: Pin U-10
Add Pin To Net: Unknown Pin: Pin U-11
Add Pin To Net: Unknown Pin: Pin U-12
Add Pin To Net: Unknown Pin: Pin U-13
Add Pin To Net: Unknown Pin: Pin U-14
Add Pin To Net: Unknown Pin: Pin U-15
Add Pin To Net: Unknown Pin: Pin U-16
Change Net Name : Old Net Name=Vcc New Net Name=5V
Added Pin To Net: NetName=NetSW01_B Pin=SW01-B
Added Pin To Net: NetName=NetSW01_B Pin=SW01-B'
Added Net: Name=NetSW01_B
Add Class Member: Failed to add class member : Component U SeeeduinoXIAO
