Change Component Footprint: Designator=U50 Old Footprint=D0008A_M New Footprint=LT-MS8-8_M
Change Component Footprint: Designator=U20 Old Footprint=D0008A_M New Footprint=LT-MS8-8_N
Change Component Footprint: Designator=U21 Old Footprint=D0008A_M New Footprint=LT-MS8-8_N
Change Component Comment : Designator=U20 Old Comment=OPA2836IDR New Comment=LTC6253IMS8#TRPBF
Change Component Comment : Designator=U21 Old Comment=OPA2836IDR New Comment=LTC6253IMS8#TRPBF
Change Component Comment : Designator=U50 Old Comment=OPA2836IDR New Comment=LTC6253IMS8#TRPBF
Change Managed Component Library Link : Designator=U20 Old VaultGUID=B7D15EC3-160A-466F-A46C-7801FE6295A7 New VaultGUID=B7D15EC3-160A-466F-A46C-7801FE6295A7 Old ItemGUID=D15D2AA9-A9D1-479E-B32C-3C13F5147A35 New ItemGUID=F97E35E7-3E7E-4D7B-BB63-ABFB7060F242 Old RevisionGUID=84CA571A-ED0A-43BD-ABAC-DC65F1D58DC5 New RevisionGUID=3FCE49CB-89A4-45F3-B3D0-83023802F80A
Change Managed Component Library Link : Designator=U21 Old VaultGUID=B7D15EC3-160A-466F-A46C-7801FE6295A7 New VaultGUID=B7D15EC3-160A-466F-A46C-7801FE6295A7 Old ItemGUID=D15D2AA9-A9D1-479E-B32C-3C13F5147A35 New ItemGUID=F97E35E7-3E7E-4D7B-BB63-ABFB7060F242 Old RevisionGUID=84CA571A-ED0A-43BD-ABAC-DC65F1D58DC5 New RevisionGUID=3FCE49CB-89A4-45F3-B3D0-83023802F80A
Change Managed Component Library Link : Designator=U50 Old VaultGUID=B7D15EC3-160A-466F-A46C-7801FE6295A7 New VaultGUID=B7D15EC3-160A-466F-A46C-7801FE6295A7 Old ItemGUID=D15D2AA9-A9D1-479E-B32C-3C13F5147A35 New ItemGUID=F97E35E7-3E7E-4D7B-BB63-ABFB7060F242 Old RevisionGUID=84CA571A-ED0A-43BD-ABAC-DC65F1D58DC5 New RevisionGUID=3FCE49CB-89A4-45F3-B3D0-83023802F80A
Change component parameters: Designator = "U20" ("U20"); Footprint = "D0008A_M"; UniqueID = "\LSGQHFSD\FZGAUSUY" ("\LSGQHFSD\FZGAUSUY")
Change component parameters (AddParameter): Name = "Channels (#)"; Value = "2"; VariantName = "[No Variations]"
Change component parameters (AddParameter): Name = "ComponentLink1Description"; Value = "Manufacturer URL"; VariantName = "[No Variations]"
Change component parameters (AddParameter): Name = "ComponentLink1URL"; Value = "http://www.linear.com/"; VariantName = "[No Variations]"
Change component parameters (AddParameter): Name = "ComponentLink2Description"; Value = "Datasheet"; VariantName = "[No Variations]"
Change component parameters (AddParameter): Name = "ComponentLink2URL"; Value = "http://cds.linear.com/docs/en/datasheet/625234fc.pdf"; VariantName = "[No Variations]"
Change component parameters (AddParameter): Name = "ComponentLink3Description"; Value = "Package Specification"; VariantName = "[No Variations]"
Change component parameters (AddParameter): Name = "ComponentLink3URL"; Value = "http://cds.linear.com/docs/en/packaging/05081610_G_SO8.pdf"; VariantName = "[No Variations]"
Change component parameters (AddParameter): Name = "DatasheetVersion"; Value = "Rev. C"; VariantName = "[No Variations]"
Change component parameters (AddParameter): Name = "GBW (MHz) Typical"; Value = "720"; VariantName = "[No Variations]"
Change component parameters (AddParameter): Name = "Is (mA) Typical"; Value = "3.3"; VariantName = "[No Variations]"
Change component parameters (AddParameter): Name = "Linear Technology Part Number"; Value = "LTC6253"; VariantName = "[No Variations]"
Change component parameters (AddParameter): Name = "Manufacturer"; Value = "Linear Technology"; VariantName = "[No Variations]"
Change component parameters (AddParameter): Name = "Mounting Technology"; Value = "Surface Mount"; VariantName = "[No Variations]"
Change component parameters (AddParameter): Name = "PackageDescription"; Value = "8-Lead Plastic Small Outline, Body 3.9 x 4.9 mm, Pitch 1.27 mm"; VariantName = "[No Variations]"
Change component parameters (AddParameter): Name = "PackageReference"; Value = "LT-MS8-8"; VariantName = "[No Variations]"
Change component parameters (AddParameter): Name = "PackageVersion"; Value = "Rev G"; VariantName = "[No Variations]"
Change component parameters (AddParameter): Name = "Packing"; Value = "Reel"; VariantName = "[No Variations]"
Change component parameters (AddParameter): Name = "PartNumber"; Value = "LTC6253IMS8#TRPBF"; VariantName = "[No Variations]"
Change component parameters (AddParameter): Name = "RevisionNote"; Value = "URLs updated"; VariantName = "[No Variations]"
Change component parameters (AddParameter): Name = "RoHS"; Value = "Pb-Free"; VariantName = "[No Variations]"
Change component parameters (AddParameter): Name = "SR (V/us) Typical"; Value = "280"; VariantName = "[No Variations]"
Change component parameters (AddParameter): Name = "Type"; Value = "VFB"; VariantName = "[No Variations]"
Change component parameters (AddParameter): Name = "Vos (mV) Typical"; Value = "0.05"; VariantName = "[No Variations]"
Change component parameters (AddParameter): Name = "Vs Max (V)"; Value = "5.25"; VariantName = "[No Variations]"
Change component parameters (AddParameter): Name = "Vs Min (V)"; Value = "2.5"; VariantName = "[No Variations]"
Change component parameters: Designator = "U21" ("U21"); Footprint = "D0008A_M"; UniqueID = "\LSGQHFSD\AEJLPQUR" ("\LSGQHFSD\AEJLPQUR")
Change component parameters (AddParameter): Name = "Channels (#)"; Value = "2"; VariantName = "[No Variations]"
Change component parameters (AddParameter): Name = "ComponentLink1Description"; Value = "Manufacturer URL"; VariantName = "[No Variations]"
Change component parameters (AddParameter): Name = "ComponentLink1URL"; Value = "http://www.linear.com/"; VariantName = "[No Variations]"
Change component parameters (AddParameter): Name = "ComponentLink2Description"; Value = "Datasheet"; VariantName = "[No Variations]"
Change component parameters (AddParameter): Name = "ComponentLink2URL"; Value = "http://cds.linear.com/docs/en/datasheet/625234fc.pdf"; VariantName = "[No Variations]"
Change component parameters (AddParameter): Name = "ComponentLink3Description"; Value = "Package Specification"; VariantName = "[No Variations]"
Change component parameters (AddParameter): Name = "ComponentLink3URL"; Value = "http://cds.linear.com/docs/en/packaging/05081610_G_SO8.pdf"; VariantName = "[No Variations]"
Change component parameters (AddParameter): Name = "DatasheetVersion"; Value = "Rev. C"; VariantName = "[No Variations]"
Change component parameters (AddParameter): Name = "GBW (MHz) Typical"; Value = "720"; VariantName = "[No Variations]"
Change component parameters (AddParameter): Name = "Is (mA) Typical"; Value = "3.3"; VariantName = "[No Variations]"
Change component parameters (AddParameter): Name = "Linear Technology Part Number"; Value = "LTC6253"; VariantName = "[No Variations]"
Change component parameters (AddParameter): Name = "Manufacturer"; Value = "Linear Technology"; VariantName = "[No Variations]"
Change component parameters (AddParameter): Name = "Mounting Technology"; Value = "Surface Mount"; VariantName = "[No Variations]"
Change component parameters (AddParameter): Name = "PackageDescription"; Value = "8-Lead Plastic Small Outline, Body 3.9 x 4.9 mm, Pitch 1.27 mm"; VariantName = "[No Variations]"
Change component parameters (AddParameter): Name = "PackageReference"; Value = "LT-MS8-8"; VariantName = "[No Variations]"
Change component parameters (AddParameter): Name = "PackageVersion"; Value = "Rev G"; VariantName = "[No Variations]"
Change component parameters (AddParameter): Name = "Packing"; Value = "Reel"; VariantName = "[No Variations]"
Change component parameters (AddParameter): Name = "PartNumber"; Value = "LTC6253IMS8#TRPBF"; VariantName = "[No Variations]"
Change component parameters (AddParameter): Name = "RevisionNote"; Value = "URLs updated"; VariantName = "[No Variations]"
Change component parameters (AddParameter): Name = "RoHS"; Value = "Pb-Free"; VariantName = "[No Variations]"
Change component parameters (AddParameter): Name = "SR (V/us) Typical"; Value = "280"; VariantName = "[No Variations]"
Change component parameters (AddParameter): Name = "Type"; Value = "VFB"; VariantName = "[No Variations]"
Change component parameters (AddParameter): Name = "Vos (mV) Typical"; Value = "0.05"; VariantName = "[No Variations]"
Change component parameters (AddParameter): Name = "Vs Max (V)"; Value = "5.25"; VariantName = "[No Variations]"
Change component parameters (AddParameter): Name = "Vs Min (V)"; Value = "2.5"; VariantName = "[No Variations]"
Change component parameters: Designator = "U50" ("U50"); Footprint = "D0008A_M"; UniqueID = "\HKYGREAW\DJHRVVUC" ("\HKYGREAW\DJHRVVUC")
Change component parameters (AddParameter): Name = "Channels (#)"; Value = "2"; VariantName = "[No Variations]"
Change component parameters (AddParameter): Name = "ComponentLink1Description"; Value = "Manufacturer URL"; VariantName = "[No Variations]"
Change component parameters (AddParameter): Name = "ComponentLink1URL"; Value = "http://www.linear.com/"; VariantName = "[No Variations]"
Change component parameters (AddParameter): Name = "ComponentLink2Description"; Value = "Datasheet"; VariantName = "[No Variations]"
Change component parameters (AddParameter): Name = "ComponentLink2URL"; Value = "http://cds.linear.com/docs/en/datasheet/625234fc.pdf"; VariantName = "[No Variations]"
Change component parameters (AddParameter): Name = "ComponentLink3Description"; Value = "Package Specification"; VariantName = "[No Variations]"
Change component parameters (AddParameter): Name = "ComponentLink3URL"; Value = "http://cds.linear.com/docs/en/packaging/05081610_G_SO8.pdf"; VariantName = "[No Variations]"
Change component parameters (AddParameter): Name = "DatasheetVersion"; Value = "Rev. C"; VariantName = "[No Variations]"
Change component parameters (AddParameter): Name = "GBW (MHz) Typical"; Value = "720"; VariantName = "[No Variations]"
Change component parameters (AddParameter): Name = "Is (mA) Typical"; Value = "3.3"; VariantName = "[No Variations]"
Change component parameters (AddParameter): Name = "Linear Technology Part Number"; Value = "LTC6253"; VariantName = "[No Variations]"
Change component parameters (AddParameter): Name = "Manufacturer"; Value = "Linear Technology"; VariantName = "[No Variations]"
Change component parameters (AddParameter): Name = "Mounting Technology"; Value = "Surface Mount"; VariantName = "[No Variations]"
Change component parameters (AddParameter): Name = "PackageDescription"; Value = "8-Lead Plastic Small Outline, Body 3.9 x 4.9 mm, Pitch 1.27 mm"; VariantName = "[No Variations]"
Change component parameters (AddParameter): Name = "PackageReference"; Value = "LT-MS8-8"; VariantName = "[No Variations]"
Change component parameters (AddParameter): Name = "PackageVersion"; Value = "Rev G"; VariantName = "[No Variations]"
Change component parameters (AddParameter): Name = "Packing"; Value = "Reel"; VariantName = "[No Variations]"
Change component parameters (AddParameter): Name = "PartNumber"; Value = "LTC6253IMS8#TRPBF"; VariantName = "[No Variations]"
Change component parameters (AddParameter): Name = "RevisionNote"; Value = "URLs updated"; VariantName = "[No Variations]"
Change component parameters (AddParameter): Name = "RoHS"; Value = "Pb-Free"; VariantName = "[No Variations]"
Change component parameters (AddParameter): Name = "SR (V/us) Typical"; Value = "280"; VariantName = "[No Variations]"
Change component parameters (AddParameter): Name = "Type"; Value = "VFB"; VariantName = "[No Variations]"
Change component parameters (AddParameter): Name = "Vos (mV) Typical"; Value = "0.05"; VariantName = "[No Variations]"
Change component parameters (AddParameter): Name = "Vs Max (V)"; Value = "5.25"; VariantName = "[No Variations]"
Change component parameters (AddParameter): Name = "Vs Min (V)"; Value = "2.5"; VariantName = "[No Variations]"
Add Net: Net with name "3V3" already exists
